<?xml version="1.0" encoding="UTF-8"?>
<TestRun id="a42d8558-cbc0-4769-8b08-4f4b73368209" name="GREEN@GREEN-PC 2012-07-01 13:51:06" runUser="GREEN-PC\GREEN" xmlns="http://microsoft.com/schemas/VisualStudio/TeamTest/2010">
  <TestSettings name="Local" id="f34ae487-721a-4d24-bb1a-01ffb1540999">
    <Description>These are default test settings for a local test run.</Description>
    <Deployment enabled="false" runDeploymentRoot="GREEN_GREEN-PC 2012-07-01 13_51_06">
      <DeploymentItem filename="C:\Users\GREEN\Documents\Visual Studio 2010\Projects\EntityFrameworkTry\DataContext\bin\Debug\DataContext.dll" />
      <DeploymentItem filename="C:\Users\GREEN\Documents\Visual Studio 2010\Projects\EntityFrameworkTry\Model\bin\Debug\Model.dll" />
      <DeploymentItem filename="C:\Users\GREEN\Documents\Visual Studio 2010\Projects\EntityFrameworkTry\EntityFrameworkTryBLL\bin\Debug\EntityFrameworkTryBLL.dll" />
    </Deployment>
    <Execution>
      <TestTypeSpecific />
      <AgentRule name="Execution Agents">
      </AgentRule>
    </Execution>
  </TestSettings>
  <Times creation="2012-07-01T13:51:06.7014586+08:00" queuing="2012-07-01T13:51:09.8276374+08:00" start="2012-07-01T13:51:10.0766516+08:00" finish="2012-07-01T13:51:41.7124611+08:00" />
  <ResultSummary outcome="Error">
    <Counters total="1" executed="1" error="0" failed="0" timeout="0" aborted="1" inconclusive="0" passedButRunAborted="0" notRunnable="0" notExecuted="0" disconnected="0" warning="0" passed="0" completed="0" inProgress="0" pending="0" />
    <RunInfos>
      <RunInfo computerName="GREEN-PC" outcome="Error" timestamp="2012-07-01T13:51:41.7044607+08:00">
        <Text>Test host process exited unexpectedly.</Text>
      </RunInfo>
    </RunInfos>
  </ResultSummary>
  <TestDefinitions>
    <UnitTest name="TestMethod1" storage="c:\users\green\documents\visual studio 2010\projects\entityframeworktry\testproject\bin\debug\testproject.dll" id="24e109b5-ebac-7154-c0d0-91db5c99399f">
      <Execution id="69598a18-38f0-4153-8739-e156482a6dbf" />
      <TestMethod codeBase="C:/Users/GREEN/Documents/Visual Studio 2010/Projects/EntityFrameworkTry/TestProject/bin/Debug/TestProject.DLL" adapterTypeName="Microsoft.VisualStudio.TestTools.TestTypes.Unit.UnitTestAdapter, Microsoft.VisualStudio.QualityTools.Tips.UnitTest.Adapter, Version=10.0.0.0, Culture=neutral, PublicKeyToken=b03f5f7f11d50a3a" className="TestProject.UnitTest1, TestProject, Version=1.0.0.0, Culture=neutral, PublicKeyToken=null" name="TestMethod1" />
    </UnitTest>
  </TestDefinitions>
  <TestLists>
    <TestList name="Results Not in a List" id="8c84fa94-04c1-424b-9868-57a2d4851a1d" />
    <TestList name="All Loaded Results" id="19431567-8539-422a-85d7-44ee4e166bda" />
  </TestLists>
  <TestEntries>
    <TestEntry testId="24e109b5-ebac-7154-c0d0-91db5c99399f" executionId="69598a18-38f0-4153-8739-e156482a6dbf" testListId="8c84fa94-04c1-424b-9868-57a2d4851a1d" />
  </TestEntries>
  <Results>
    <UnitTestResult executionId="69598a18-38f0-4153-8739-e156482a6dbf" testId="24e109b5-ebac-7154-c0d0-91db5c99399f" testName="TestMethod1" computerName="GREEN-PC" duration="00:00:31.4387982" startTime="2012-07-01T13:51:10.2736629+08:00" endTime="2012-07-01T13:51:41.7124611+08:00" testType="13cdc9d9-ddb5-4fa4-a97d-d965ccfc6d4b" outcome="Aborted" testListId="8c84fa94-04c1-424b-9868-57a2d4851a1d" relativeResultsDirectory="69598a18-38f0-4153-8739-e156482a6dbf">
    </UnitTestResult>
  </Results>
</TestRun>